Release 7.1i - xst H.38
Copyright (c) 1995-2005 Xilinx, Inc.  All rights reserved.
--> Parameter TMPDIR set to __projnav
CPU : 0.00 / 0.44 s | Elapsed : 0.00 / 1.00 s
 
--> Parameter xsthdpdir set to ./xst
CPU : 0.00 / 0.44 s | Elapsed : 0.00 / 1.00 s
 
--> Reading design: carry_save_adder.prj

TABLE OF CONTENTS
  1) Synthesis Options Summary
  2) HDL Compilation
  3) HDL Analysis
  4) HDL Synthesis
  5) Advanced HDL Synthesis
     5.1) HDL Synthesis Report
  6) Low Level Synthesis
  7) Final Report
     7.1) Device utilization summary
     7.2) TIMING REPORT


=========================================================================
*                      Synthesis Options Summary                        *
=========================================================================
---- Source Parameters
Input File Name                    : "carry_save_adder.prj"
Input Format                       : mixed
Ignore Synthesis Constraint File   : NO

---- Target Parameters
Output File Name                   : "carry_save_adder"
Output Format                      : NGC
Target Device                      : xc3s100e-4-vq100

---- Source Options
Top Module Name                    : carry_save_adder
Automatic FSM Extraction           : YES
FSM Encoding Algorithm             : Auto
FSM Style                          : lut
RAM Extraction                     : Yes
RAM Style                          : Auto
ROM Extraction                     : Yes
ROM Style                          : Auto
Mux Extraction                     : YES
Decoder Extraction                 : YES
Priority Encoder Extraction        : YES
Shift Register Extraction          : YES
Logical Shifter Extraction         : YES
XOR Collapsing                     : YES
Resource Sharing                   : YES
Multiplier Style                   : auto
Automatic Register Balancing       : No

---- Target Options
Add IO Buffers                     : YES
Global Maximum Fanout              : 500
Add Generic Clock Buffer(BUFG)     : 8
Register Duplication               : YES
Equivalent register Removal        : YES
Slice Packing                      : YES
Pack IO Registers into IOBs        : auto

---- General Options
Optimization Goal                  : Speed
Optimization Effort                : 1
Keep Hierarchy                     : NO
Global Optimization                : AllClockNets
RTL Output                         : Yes
Write Timing Constraints           : NO
Hierarchy Separator                : /
Bus Delimiter                      : <>
Case Specifier                     : maintain
Slice Utilization Ratio            : 100
Slice Utilization Ratio Delta      : 5

---- Other Options
lso                                : carry_save_adder.lso
Read Cores                         : YES
cross_clock_analysis               : NO
verilog2001                        : YES
safe_implementation                : No
Optimize Instantiated Primitives   : NO
use_clock_enable                   : Yes
use_sync_set                       : Yes
use_sync_reset                     : Yes
enable_auto_floorplanning          : No

=========================================================================


=========================================================================
*                          HDL Compilation                              *
=========================================================================
Compiling verilog file "Isp.v"
Module <carry_save_adder> compiled
Module <booth_multiplier> compiled
Module <image_scalar> compiled
No errors in compilation
Analysis of file <"carry_save_adder.prj"> succeeded.
 

=========================================================================
*                            HDL Analysis                               *
=========================================================================
Analyzing top module <carry_save_adder>.
Module <carry_save_adder> is correct for synthesis.
 

=========================================================================
*                           HDL Synthesis                               *
=========================================================================

Synthesizing Unit <carry_save_adder>.
    Related source file is "Isp.v".
    Found 8-bit xor3 for signal <sum>.
    Summary:
	inferred   8 Xor(s).
Unit <carry_save_adder> synthesized.


=========================================================================
*                       Advanced HDL Synthesis                          *
=========================================================================

Advanced RAM inference ...
Advanced multiplier inference ...
Advanced Registered AddSub inference ...
Dynamic shift register inference ...

=========================================================================
HDL Synthesis Report

Macro Statistics
# Xors                             : 1
 8-bit xor3                        : 1

=========================================================================

=========================================================================
*                         Low Level Synthesis                           *
=========================================================================

Optimizing unit <carry_save_adder> ...
Loading device for application Rf_Device from file '3s100e.nph' in environment E:/Xilinx.

Mapping all equations...
Building and optimizing final netlist ...
Found area constraint ratio of 100 (+ 5) on block carry_save_adder, actual ratio is 0.

=========================================================================
*                            Final Report                               *
=========================================================================
Final Results
RTL Top Level Output File Name     : carry_save_adder.ngr
Top Level Output File Name         : carry_save_adder
Output Format                      : NGC
Optimization Goal                  : Speed
Keep Hierarchy                     : NO

Design Statistics
# IOs                              : 40

Macro Statistics :
# Xors                             : 1
#      8-bit xor3                  : 1

Cell Usage :
# BELS                             : 16
#      GND                         : 1
#      LUT3                        : 15
# IO Buffers                       : 40
#      IBUF                        : 24
#      OBUF                        : 16
=========================================================================

Device utilization summary:
---------------------------

Selected Device : 3s100evq100-4 

 Number of Slices:                       9  out of    960     0%  
 Number of 4 input LUTs:                15  out of   1920     0%  
 Number of bonded IOBs:                 40  out of     66    60%  


=========================================================================
TIMING REPORT

NOTE: THESE TIMING NUMBERS ARE ONLY A SYNTHESIS ESTIMATE.
      FOR ACCURATE TIMING INFORMATION PLEASE REFER TO THE TRACE REPORT
      GENERATED AFTER PLACE-and-ROUTE.

Clock Information:
------------------
No clock signals found in this design

Timing Summary:
---------------
Speed Grade: -4

   Minimum period: No path found
   Minimum input arrival time before clock: No path found
   Maximum output required time after clock: No path found
   Maximum combinational path delay: 9.481ns

Timing Detail:
--------------
All values displayed in nanoseconds (ns)

=========================================================================
Timing constraint: Default path analysis
  Total number of paths / destination ports: 45 / 15
-------------------------------------------------------------------------
Delay:               9.481ns (Levels of Logic = 3)
  Source:            a<6> (PAD)
  Destination:       carry<7> (PAD)

  Data Path: a<6> to carry<7>
                                Gate     Net
    Cell:in->out      fanout   Delay   Delay  Logical Name (Net Name)
    ----------------------------------------  ------------
     IBUF:I->O             2   1.930   1.123  a_6_IBUF (a_6_IBUF)
     LUT3:I0->O            1   0.752   0.801  Mxor_sum_Xo<13>1 (sum_6_OBUF)
     OBUF:I->O                 4.875          sum_6_OBUF (sum<6>)
    ----------------------------------------
    Total                      9.481ns (7.557ns logic, 1.924ns route)
                                       (79.7% logic, 20.3% route)

=========================================================================
CPU : 3.22 / 3.82 s | Elapsed : 3.00 / 4.00 s
 
--> 

Total memory usage is 177952 kilobytes

Number of errors   :    0 (   0 filtered)
Number of warnings :    0 (   0 filtered)
Number of infos    :    0 (   0 filtered)

